31-05-17 11:03 PM Started
31-05-17 11:04 PM Started
31-05-17 11:04 PM Started
31-05-17 11:06 PM Started
31-05-17 11:06 PM TallerProgra-Galeria-webapp: JDevOJSP: init
31-05-17 11:06 PM TallerProgra-Galeria-webapp: action: init
31-05-17 11:06 PM TallerProgra-Galeria-webapp: 9.0.3.0.0 Started
31-05-17 11:46 PM Started
31-05-17 11:47 PM TallerProgra-Galeria-webapp: JDevOJSP: init
31-05-17 11:47 PM TallerProgra-Galeria-webapp: action: init
31-05-17 11:47 PM TallerProgra-Galeria-webapp: 9.0.3.0.0 Started
31-05-17 11:49 PM Started
31-05-17 11:49 PM TallerProgra-Galeria-webapp: JDevOJSP: init
31-05-17 11:49 PM TallerProgra-Galeria-webapp: action: init
31-05-17 11:49 PM TallerProgra-Galeria-webapp: 9.0.3.0.0 Started
31-05-17 11:50 PM Started
31-05-17 11:50 PM TallerProgra-Galeria-webapp: JDevOJSP: init
31-05-17 11:50 PM TallerProgra-Galeria-webapp: action: init
31-05-17 11:50 PM TallerProgra-Galeria-webapp: 9.0.3.0.0 Started
31-05-17 11:50 PM Started
31-05-17 11:51 PM TallerProgra-Galeria-webapp: JDevOJSP: init
31-05-17 11:51 PM TallerProgra-Galeria-webapp: action: init
31-05-17 11:51 PM TallerProgra-Galeria-webapp: 9.0.3.0.0 Started
31-05-17 11:52 PM Started
31-05-17 11:52 PM TallerProgra-Galeria-webapp: JDevOJSP: init
31-05-17 11:52 PM TallerProgra-Galeria-webapp: action: init
31-05-17 11:53 PM TallerProgra-Galeria-webapp: 9.0.3.0.0 Started
31-05-17 11:54 PM Started
31-05-17 11:55 PM TallerProgra-Galeria-webapp: JDevOJSP: init
31-05-17 11:55 PM TallerProgra-Galeria-webapp: action: init
31-05-17 11:55 PM TallerProgra-Galeria-webapp: 9.0.3.0.0 Started
31-05-17 11:56 PM Started
31-05-17 11:56 PM TallerProgra-Galeria-webapp: JDevOJSP: init
31-05-17 11:56 PM TallerProgra-Galeria-webapp: action: init
31-05-17 11:57 PM TallerProgra-Galeria-webapp: 9.0.3.0.0 Started
31-05-17 11:58 PM TallerProgra-Galeria-webapp: 9.0.3.0.0 Stopped
31-05-17 11:58 PM Started
31-05-17 11:58 PM TallerProgra-Galeria-webapp: JDevOJSP: init
31-05-17 11:58 PM TallerProgra-Galeria-webapp: action: init
31-05-17 11:58 PM TallerProgra-Galeria-webapp: 9.0.3.0.0 Started
01-06-17 12:03 AM Started
01-06-17 12:03 AM TallerProgra-Galeria-webapp: JDevOJSP: init
01-06-17 12:03 AM TallerProgra-Galeria-webapp: action: init
01-06-17 12:03 AM TallerProgra-Galeria-webapp: 9.0.3.0.0 Started
01-06-17 12:57 AM Started
